-------------------------------------------------------------------------------
Test set: runner.UITestRunner
-------------------------------------------------------------------------------
Tests run: 1, Failures: 0, Errors: 1, Skipped: 0, Time elapsed: 0.789 s <<< FAILURE! - in runner.UITestRunner
initializationError(runner.UITestRunner)  Time elapsed: 0.006 s  <<< ERROR!
gherkin.TagExpression$BadTagException: Bad tag: "db"

